[33691:33691:0227/163745.870973:WARNING:wayland_object.cc(123)] Binding to gtk_shell1 version 4 but version 5 is available.
[33691:33691:0227/163745.871066:WARNING:wayland_object.cc(123)] Binding to zwp_pointer_gestures_v1 version 1 but version 3 is available.
[33691:33691:0227/163745.871117:WARNING:wayland_object.cc(123)] Binding to zwp_linux_dmabuf_v1 version 3 but version 5 is available.
[33691:33691:0227/163746.048773:WARNING:invalidation_listener_impl.cc(104)] ProfileInvalidationProvider-245350905893 Created for project_number: 245350905893
[33691:33691:0227/163746.048808:WARNING:fm_registration_token_uploader.cc(155)] Starting FmRegistrationTokenUploader for kUser scope, 245350905893 project
[33691:33691:0227/163746.048814:WARNING:invalidation_listener_impl.cc(150)] ProfileInvalidationProvider-245350905893 Starting
[33691:33691:0227/163746.048835:WARNING:invalidation_listener_impl.cc(104)] ProfileInvalidationProvider-585406161706 Created for project_number: 585406161706
[33691:33691:0227/163746.048840:WARNING:fm_registration_token_uploader.cc(155)] Starting FmRegistrationTokenUploader for kUser scope, 585406161706 project
[33691:33691:0227/163746.048844:WARNING:invalidation_listener_impl.cc(150)] ProfileInvalidationProvider-585406161706 Starting
[33691:33691:0227/163746.081409:WARNING:wayland_surface.cc(183)] Server doesn't support zcr_alpha_compositing_v1.
[33691:33691:0227/163746.081443:WARNING:wayland_surface.cc(198)] Server doesn't support overlay_prioritizer.
[33691:33691:0227/163746.081449:WARNING:wayland_surface.cc(213)] Server doesn't support wp_content_type_v1
[33691:33691:0227/163746.081453:WARNING:wayland_surface.cc(232)] Server doesn't support zcr_color_management_surface.
[33737:33737:0227/163746.103309:WARNING:sandbox_linux.cc(420)] InitializeSandbox() called with multiple threads in process gpu-process.
[33737:33737:0227/163746.104415:WARNING:viz_main_impl.cc(85)] VizNullHypothesis is disabled (not a warning)
[33691:33691:0227/163746.742793:INFO:CONSOLE(0)] "Error with Permissions-Policy header: Unrecognized feature: 'bluetooth'.", source:  (0)
[33691:33691:0227/163746.847605:INFO:CONSOLE(158)] "Event handler of 'x-storagemutated-1' event must be added on the initial evaluation of worker script.", source: https://static.whatsapp.net/rsrc.php/v4/ys/r/owesGpRKMQB.js (158)
[33691:33691:0227/163752.658161:WARNING:invalidation_listener_impl.cc(110)] ProfileInvalidationProvider-585406161706 Destroying
[33691:33691:0227/163752.658217:WARNING:invalidation_listener_impl.cc(110)] ProfileInvalidationProvider-245350905893 Destroying
[33691:33691:0227/163752.666854:ERROR:wayland_event_watcher.cc(47)] libwayland: warning: queue 0x3a4c00030e00 destroyed while proxies still attached:

[33691:33691:0227/163752.666988:ERROR:wayland_event_watcher.cc(47)] libwayland:   wl_buffer#50 still attached

[33691:33691:0227/163752.667039:ERROR:wayland_event_watcher.cc(47)] libwayland:   wl_shm_pool#44 still attached

[33739:33776:0227/163752.673443:WARNING:sqlite_persistent_store_backend_base.cc(198)] Failed to post task from FlushAndNotifyInBackground@net/extras/sqlite/sqlite_persistent_store_backend_base.cc:248 to client_task_runner_.
[33739:33776:0227/163752.673514:WARNING:sqlite_persistent_store_backend_base.cc(198)] Failed to post task from FlushAndNotifyInBackground@net/extras/sqlite/sqlite_persistent_store_backend_base.cc:248 to client_task_runner_.
